<?xml version="1.0" encoding="UTF-8"?>
<!-- Generated by org.testng.reporters.JUnitReportReporter -->
<testsuite skipped="0" hostname="LAPTOP-RQCG63EB" name="PageObjectModel.NTTData.testCases.Guru99HomePageTestCase" tests="1" failures="0" timestamp="27 Nov 2020 04:17:05 GMT" time="5.724" errors="0">
  <testcase name="testcase1" time="5.724" classname="PageObjectModel.NTTData.testCases.Guru99HomePageTestCase"/>
</testsuite> <!-- PageObjectModel.NTTData.testCases.Guru99HomePageTestCase -->
